{"/Users/ido/Work/LeapYear/SoccerRank/soccer-rank.js": {"path":"/Users/ido/Work/LeapYear/SoccerRank/soccer-rank.js","statementMap":{"0":{"start":{"line":1,"column":11},"end":{"line":1,"column":24}},"1":{"start":{"line":5,"column":2},"end":{"line":5,"column":21}},"2":{"start":{"line":6,"column":2},"end":{"line":6,"column":28}},"3":{"start":{"line":7,"column":2},"end":{"line":7,"column":29}},"4":{"start":{"line":11,"column":2},"end":{"line":11,"column":25}},"5":{"start":{"line":12,"column":2},"end":{"line":12,"column":19}},"6":{"start":{"line":16,"column":2},"end":{"line":16,"column":35}},"7":{"start":{"line":17,"column":2},"end":{"line":17,"column":46}},"8":{"start":{"line":18,"column":2},"end":{"line":18,"column":48}},"9":{"start":{"line":19,"column":2},"end":{"line":19,"column":65}},"10":{"start":{"line":20,"column":2},"end":{"line":20,"column":23}},"11":{"start":{"line":24,"column":18},"end":{"line":24,"column":33}},"12":{"start":{"line":25,"column":19},"end":{"line":25,"column":34}},"13":{"start":{"line":26,"column":2},"end":{"line":28,"column":3}},"14":{"start":{"line":27,"column":3},"end":{"line":27,"column":103}},"15":{"start":{"line":29,"column":2},"end":{"line":35,"column":3}},"16":{"start":{"line":30,"column":3},"end":{"line":30,"column":102}},"17":{"start":{"line":32,"column":3},"end":{"line":34,"column":4}},"18":{"start":{"line":33,"column":4},"end":{"line":33,"column":58}},"19":{"start":{"line":36,"column":2},"end":{"line":38,"column":3}},"20":{"start":{"line":37,"column":3},"end":{"line":37,"column":71}},"21":{"start":{"line":39,"column":2},"end":{"line":39,"column":33}},"22":{"start":{"line":40,"column":2},"end":{"line":40,"column":35}},"23":{"start":{"line":45,"column":2},"end":{"line":45,"column":54}},"24":{"start":{"line":50,"column":18},"end":{"line":50,"column":38}},"25":{"start":{"line":51,"column":22},"end":{"line":51,"column":45}},"26":{"start":{"line":52,"column":23},"end":{"line":52,"column":46}},"27":{"start":{"line":54,"column":23},"end":{"line":54,"column":60}},"28":{"start":{"line":56,"column":22},"end":{"line":56,"column":91}},"29":{"start":{"line":58,"column":24},"end":{"line":58,"column":63}},"30":{"start":{"line":59,"column":23},"end":{"line":59,"column":93}},"31":{"start":{"line":62,"column":24},"end":{"line":62,"column":25}},"32":{"start":{"line":62,"column":46},"end":{"line":62,"column":47}},"33":{"start":{"line":63,"column":2},"end":{"line":73,"column":3}},"34":{"start":{"line":65,"column":3},"end":{"line":65,"column":23}},"35":{"start":{"line":66,"column":9},"end":{"line":73,"column":3}},"36":{"start":{"line":68,"column":3},"end":{"line":68,"column":24}},"37":{"start":{"line":71,"column":3},"end":{"line":71,"column":23}},"38":{"start":{"line":72,"column":3},"end":{"line":72,"column":24}},"39":{"start":{"line":75,"column":2},"end":{"line":75,"column":89}},"40":{"start":{"line":80,"column":14},"end":{"line":80,"column":30}},"41":{"start":{"line":81,"column":2},"end":{"line":83,"column":3}},"42":{"start":{"line":82,"column":3},"end":{"line":82,"column":31}},"43":{"start":{"line":87,"column":2},"end":{"line":87,"column":130}},"44":{"start":{"line":88,"column":2},"end":{"line":88,"column":135}},"45":{"start":{"line":92,"column":2},"end":{"line":92,"column":183}},"46":{"start":{"line":92,"column":60},"end":{"line":92,"column":181}},"47":{"start":{"line":96,"column":23},"end":{"line":96,"column":25}},"48":{"start":{"line":97,"column":15},"end":{"line":97,"column":17}},"49":{"start":{"line":98,"column":2},"end":{"line":108,"column":3}},"50":{"start":{"line":98,"column":13},"end":{"line":98,"column":14}},"51":{"start":{"line":99,"column":13},"end":{"line":99,"column":42}},"52":{"start":{"line":100,"column":3},"end":{"line":102,"column":4}},"53":{"start":{"line":101,"column":4},"end":{"line":101,"column":16}},"54":{"start":{"line":103,"column":14},"end":{"line":103,"column":54}},"55":{"start":{"line":104,"column":3},"end":{"line":104,"column":38}},"56":{"start":{"line":105,"column":3},"end":{"line":105,"column":17}},"57":{"start":{"line":107,"column":3},"end":{"line":107,"column":18}},"58":{"start":{"line":109,"column":2},"end":{"line":109,"column":16}},"59":{"start":{"line":113,"column":2},"end":{"line":113,"column":46}},"60":{"start":{"line":117,"column":0},"end":{"line":117,"column":28}}},"fnMap":{"0":{"name":"(anonymous_0)","decl":{"start":{"line":4,"column":1},"end":{"line":4,"column":2}},"loc":{"start":{"line":4,"column":15},"end":{"line":8,"column":2}},"line":4},"1":{"name":"(anonymous_1)","decl":{"start":{"line":10,"column":1},"end":{"line":10,"column":2}},"loc":{"start":{"line":10,"column":20},"end":{"line":13,"column":2}},"line":10},"2":{"name":"(anonymous_2)","decl":{"start":{"line":15,"column":1},"end":{"line":15,"column":2}},"loc":{"start":{"line":15,"column":9},"end":{"line":21,"column":2}},"line":15},"3":{"name":"(anonymous_3)","decl":{"start":{"line":23,"column":1},"end":{"line":23,"column":2}},"loc":{"start":{"line":23,"column":29},"end":{"line":41,"column":2}},"line":23},"4":{"name":"(anonymous_4)","decl":{"start":{"line":43,"column":1},"end":{"line":43,"column":2}},"loc":{"start":{"line":43,"column":18},"end":{"line":46,"column":2}},"line":43},"5":{"name":"(anonymous_5)","decl":{"start":{"line":48,"column":1},"end":{"line":48,"column":2}},"loc":{"start":{"line":48,"column":28},"end":{"line":76,"column":2}},"line":48},"6":{"name":"(anonymous_6)","decl":{"start":{"line":78,"column":1},"end":{"line":78,"column":2}},"loc":{"start":{"line":78,"column":25},"end":{"line":84,"column":2}},"line":78},"7":{"name":"(anonymous_7)","decl":{"start":{"line":86,"column":1},"end":{"line":86,"column":2}},"loc":{"start":{"line":86,"column":83},"end":{"line":89,"column":2}},"line":86},"8":{"name":"(anonymous_8)","decl":{"start":{"line":91,"column":1},"end":{"line":91,"column":2}},"loc":{"start":{"line":91,"column":14},"end":{"line":93,"column":2}},"line":91},"9":{"name":"(anonymous_9)","decl":{"start":{"line":92,"column":41},"end":{"line":92,"column":42}},"loc":{"start":{"line":92,"column":60},"end":{"line":92,"column":181}},"line":92},"10":{"name":"(anonymous_10)","decl":{"start":{"line":95,"column":1},"end":{"line":95,"column":2}},"loc":{"start":{"line":95,"column":30},"end":{"line":110,"column":2}},"line":95},"11":{"name":"(anonymous_11)","decl":{"start":{"line":112,"column":1},"end":{"line":112,"column":2}},"loc":{"start":{"line":112,"column":24},"end":{"line":114,"column":2}},"line":112}},"branchMap":{"0":{"loc":{"start":{"line":26,"column":2},"end":{"line":28,"column":3}},"type":"if","locations":[{"start":{"line":26,"column":2},"end":{"line":28,"column":3}},{"start":{"line":26,"column":2},"end":{"line":28,"column":3}}],"line":26},"1":{"loc":{"start":{"line":29,"column":2},"end":{"line":35,"column":3}},"type":"if","locations":[{"start":{"line":29,"column":2},"end":{"line":35,"column":3}},{"start":{"line":29,"column":2},"end":{"line":35,"column":3}}],"line":29},"2":{"loc":{"start":{"line":32,"column":3},"end":{"line":34,"column":4}},"type":"if","locations":[{"start":{"line":32,"column":3},"end":{"line":34,"column":4}},{"start":{"line":32,"column":3},"end":{"line":34,"column":4}}],"line":32},"3":{"loc":{"start":{"line":36,"column":2},"end":{"line":38,"column":3}},"type":"if","locations":[{"start":{"line":36,"column":2},"end":{"line":38,"column":3}},{"start":{"line":36,"column":2},"end":{"line":38,"column":3}}],"line":36},"4":{"loc":{"start":{"line":63,"column":2},"end":{"line":73,"column":3}},"type":"if","locations":[{"start":{"line":63,"column":2},"end":{"line":73,"column":3}},{"start":{"line":63,"column":2},"end":{"line":73,"column":3}}],"line":63},"5":{"loc":{"start":{"line":66,"column":9},"end":{"line":73,"column":3}},"type":"if","locations":[{"start":{"line":66,"column":9},"end":{"line":73,"column":3}},{"start":{"line":66,"column":9},"end":{"line":73,"column":3}}],"line":66},"6":{"loc":{"start":{"line":87,"column":2},"end":{"line":87,"column":129}},"type":"cond-expr","locations":[{"start":{"line":87,"column":33},"end":{"line":87,"column":80}},{"start":{"line":87,"column":83},"end":{"line":87,"column":129}}],"line":87},"7":{"loc":{"start":{"line":88,"column":2},"end":{"line":88,"column":134}},"type":"cond-expr","locations":[{"start":{"line":88,"column":34},"end":{"line":88,"column":83}},{"start":{"line":88,"column":86},"end":{"line":88,"column":134}}],"line":88},"8":{"loc":{"start":{"line":92,"column":60},"end":{"line":92,"column":181}},"type":"cond-expr","locations":[{"start":{"line":92,"column":110},"end":{"line":92,"column":133}},{"start":{"line":92,"column":137},"end":{"line":92,"column":181}}],"line":92},"9":{"loc":{"start":{"line":92,"column":110},"end":{"line":92,"column":133}},"type":"cond-expr","locations":[{"start":{"line":92,"column":127},"end":{"line":92,"column":128}},{"start":{"line":92,"column":131},"end":{"line":92,"column":133}}],"line":92},"10":{"loc":{"start":{"line":100,"column":3},"end":{"line":102,"column":4}},"type":"if","locations":[{"start":{"line":100,"column":3},"end":{"line":102,"column":4}},{"start":{"line":100,"column":3},"end":{"line":102,"column":4}}],"line":100},"11":{"loc":{"start":{"line":104,"column":11},"end":{"line":104,"column":37}},"type":"cond-expr","locations":[{"start":{"line":104,"column":25},"end":{"line":104,"column":30}},{"start":{"line":104,"column":33},"end":{"line":104,"column":37}}],"line":104}},"s":{"0":1,"1":13,"2":13,"3":13,"4":0,"5":0,"6":1,"7":1,"8":1,"9":1,"10":1,"11":3,"12":3,"13":3,"14":1,"15":3,"16":1,"17":2,"18":1,"19":3,"20":0,"21":3,"22":3,"23":1,"24":3,"25":3,"26":3,"27":3,"28":3,"29":3,"30":3,"31":3,"32":3,"33":3,"34":1,"35":2,"36":1,"37":1,"38":1,"39":3,"40":1,"41":1,"42":4,"43":2,"44":2,"45":1,"46":18,"47":1,"48":1,"49":1,"50":1,"51":8,"52":8,"53":5,"54":8,"55":8,"56":8,"57":8,"58":1,"59":1,"60":1},"f":{"0":13,"1":0,"2":1,"3":3,"4":1,"5":3,"6":1,"7":2,"8":1,"9":18,"10":1,"11":1},"b":{"0":[1,2],"1":[1,2],"2":[1,1],"3":[0,3],"4":[1,2],"5":[1,1],"6":[1,1],"7":[0,2],"8":[4,14],"9":[1,3],"10":[5,3],"11":[7,1]},"_coverageSchema":"1a1c01bbd47fc00a2c39e90264f33305004495a9","hash":"a7bfb1e76214caa81c60a09ef1776e598570ecae"}
}
