TN:
SF:soccer-rank.js
FN:4,(anonymous_0)
FN:10,(anonymous_1)
FN:15,(anonymous_2)
FN:23,(anonymous_3)
FN:43,(anonymous_4)
FN:48,(anonymous_5)
FN:78,(anonymous_6)
FN:86,(anonymous_7)
FN:91,(anonymous_8)
FN:92,(anonymous_9)
FN:95,(anonymous_10)
FN:112,(anonymous_11)
FNF:12
FNH:11
FNDA:13,(anonymous_0)
FNDA:0,(anonymous_1)
FNDA:1,(anonymous_2)
FNDA:3,(anonymous_3)
FNDA:1,(anonymous_4)
FNDA:3,(anonymous_5)
FNDA:1,(anonymous_6)
FNDA:2,(anonymous_7)
FNDA:1,(anonymous_8)
FNDA:18,(anonymous_9)
FNDA:1,(anonymous_10)
FNDA:1,(anonymous_11)
DA:1,1
DA:5,13
DA:6,13
DA:7,13
DA:11,0
DA:12,0
DA:16,1
DA:17,1
DA:18,1
DA:19,1
DA:20,1
DA:24,3
DA:25,3
DA:26,3
DA:27,1
DA:29,3
DA:30,1
DA:32,2
DA:33,1
DA:36,3
DA:37,0
DA:39,3
DA:40,3
DA:45,1
DA:50,3
DA:51,3
DA:52,3
DA:54,3
DA:56,3
DA:58,3
DA:59,3
DA:62,3
DA:63,3
DA:65,1
DA:66,2
DA:68,1
DA:71,1
DA:72,1
DA:75,3
DA:80,1
DA:81,1
DA:82,4
DA:87,2
DA:88,2
DA:92,18
DA:96,1
DA:97,1
DA:98,1
DA:99,8
DA:100,8
DA:101,5
DA:103,8
DA:104,8
DA:105,8
DA:107,8
DA:109,1
DA:113,1
DA:117,1
LF:58
LH:55
BRDA:26,0,0,1
BRDA:26,0,1,2
BRDA:29,1,0,1
BRDA:29,1,1,2
BRDA:32,2,0,1
BRDA:32,2,1,1
BRDA:36,3,0,0
BRDA:36,3,1,3
BRDA:63,4,0,1
BRDA:63,4,1,2
BRDA:66,5,0,1
BRDA:66,5,1,1
BRDA:87,6,0,1
BRDA:87,6,1,1
BRDA:88,7,0,0
BRDA:88,7,1,2
BRDA:92,8,0,4
BRDA:92,8,1,14
BRDA:92,9,0,1
BRDA:92,9,1,3
BRDA:100,10,0,5
BRDA:100,10,1,3
BRDA:104,11,0,7
BRDA:104,11,1,1
BRF:24
BRH:22
end_of_record
